0 info it worked if it ends with ok
1 verbose cli [ '/usr/local/bin/node', '/usr/local/bin/npm', 'i', '-g', 'bower' ]
2 info using npm@3.10.10
3 info using node@v6.9.5
4 silly loadCurrentTree Starting
5 silly install loadCurrentTree
6 silly install readGlobalPackageData
7 silly fetchPackageMetaData bower
8 silly fetchNamedPackageData bower
9 silly mapToRegistry name bower
10 silly mapToRegistry using default registry
11 silly mapToRegistry registry https://registry.npmjs.org/
12 silly mapToRegistry data Result {
12 silly mapToRegistry   raw: 'bower',
12 silly mapToRegistry   scope: null,
12 silly mapToRegistry   escapedName: 'bower',
12 silly mapToRegistry   name: 'bower',
12 silly mapToRegistry   rawSpec: '',
12 silly mapToRegistry   spec: 'latest',
12 silly mapToRegistry   type: 'tag' }
13 silly mapToRegistry uri https://registry.npmjs.org/bower
14 verbose request uri https://registry.npmjs.org/bower
15 verbose request no auth needed
16 info attempt registry request try #1 at 7:37:08 PM
17 verbose request id 1b576d6a0f7a6612
18 http request GET https://registry.npmjs.org/bower
19 http 200 https://registry.npmjs.org/bower
20 verbose headers { server: 'nginx/1.10.1',
20 verbose headers   'content-type': 'application/json',
20 verbose headers   'last-modified': 'Fri, 24 Feb 2017 19:33:33 GMT',
20 verbose headers   etag: 'W/"58b08a8d-2ae37"',
20 verbose headers   'content-encoding': 'gzip',
20 verbose headers   'cache-control': 'max-age=300',
20 verbose headers   'content-length': '16532',
20 verbose headers   'accept-ranges': 'bytes',
20 verbose headers   date: 'Sat, 25 Feb 2017 00:37:08 GMT',
20 verbose headers   via: '1.1 varnish',
20 verbose headers   age: '67',
20 verbose headers   connection: 'keep-alive',
20 verbose headers   'x-served-by': 'cache-jfk8147-JFK',
20 verbose headers   'x-cache': 'HIT',
20 verbose headers   'x-cache-hits': '117',
20 verbose headers   'x-timer': 'S1487983028.226347,VS0,VE0',
20 verbose headers   vary: 'Accept-Encoding' }
21 silly get cb [ 200,
21 silly get   { server: 'nginx/1.10.1',
21 silly get     'content-type': 'application/json',
21 silly get     'last-modified': 'Fri, 24 Feb 2017 19:33:33 GMT',
21 silly get     etag: 'W/"58b08a8d-2ae37"',
21 silly get     'content-encoding': 'gzip',
21 silly get     'cache-control': 'max-age=300',
21 silly get     'content-length': '16532',
21 silly get     'accept-ranges': 'bytes',
21 silly get     date: 'Sat, 25 Feb 2017 00:37:08 GMT',
21 silly get     via: '1.1 varnish',
21 silly get     age: '67',
21 silly get     connection: 'keep-alive',
21 silly get     'x-served-by': 'cache-jfk8147-JFK',
21 silly get     'x-cache': 'HIT',
21 silly get     'x-cache-hits': '117',
21 silly get     'x-timer': 'S1487983028.226347,VS0,VE0',
21 silly get     vary: 'Accept-Encoding' } ]
22 verbose get saving bower to /Users/nickhome/.npm/registry.npmjs.org/bower/.cache.json
23 verbose correctMkdir /Users/nickhome/.npm correctMkdir not in flight; initializing
24 silly install normalizeTree
25 silly loadCurrentTree Finishing
26 silly loadIdealTree Starting
27 silly install loadIdealTree
28 silly cloneCurrentTree Starting
29 silly install cloneCurrentTreeToIdealTree
30 silly cloneCurrentTree Finishing
31 silly loadShrinkwrap Starting
32 silly install loadShrinkwrap
33 silly loadShrinkwrap Finishing
34 silly loadAllDepsIntoIdealTree Starting
35 silly install loadAllDepsIntoIdealTree
36 silly resolveWithNewModule bower@1.8.0 checking installable status
37 silly cache add args [ 'bower', null ]
38 verbose cache add spec bower
39 silly cache add parsed spec Result {
39 silly cache add   raw: 'bower',
39 silly cache add   scope: null,
39 silly cache add   escapedName: 'bower',
39 silly cache add   name: 'bower',
39 silly cache add   rawSpec: '',
39 silly cache add   spec: 'latest',
39 silly cache add   type: 'tag' }
40 silly addNamed bower@latest
41 verbose addNamed "latest" is being treated as a dist-tag for bower
42 info addNameTag [ 'bower', 'latest' ]
43 silly mapToRegistry name bower
44 silly mapToRegistry using default registry
45 silly mapToRegistry registry https://registry.npmjs.org/
46 silly mapToRegistry data Result {
46 silly mapToRegistry   raw: 'bower',
46 silly mapToRegistry   scope: null,
46 silly mapToRegistry   escapedName: 'bower',
46 silly mapToRegistry   name: 'bower',
46 silly mapToRegistry   rawSpec: '',
46 silly mapToRegistry   spec: 'latest',
46 silly mapToRegistry   type: 'tag' }
47 silly mapToRegistry uri https://registry.npmjs.org/bower
48 verbose addNameTag registry:https://registry.npmjs.org/bower not in flight; fetching
49 verbose get https://registry.npmjs.org/bower not expired, no request
50 silly addNameTag next cb for bower with tag latest
51 silly addNamed bower@1.8.0
52 verbose addNamed "1.8.0" is a plain semver version for bower
53 silly mapToRegistry name bower
54 silly mapToRegistry using default registry
55 silly mapToRegistry registry https://registry.npmjs.org/
56 silly mapToRegistry data Result {
56 silly mapToRegistry   raw: 'bower',
56 silly mapToRegistry   scope: null,
56 silly mapToRegistry   escapedName: 'bower',
56 silly mapToRegistry   name: 'bower',
56 silly mapToRegistry   rawSpec: '',
56 silly mapToRegistry   spec: 'latest',
56 silly mapToRegistry   type: 'tag' }
57 silly mapToRegistry uri https://registry.npmjs.org/bower
58 verbose addRemoteTarball https://registry.npmjs.org/bower/-/bower-1.8.0.tgz not in flight; adding
59 verbose addRemoteTarball [ 'https://registry.npmjs.org/bower/-/bower-1.8.0.tgz',
59 verbose addRemoteTarball   '55dbebef0ad9155382d9e9d3e497c1372345b44a' ]
60 info retry fetch attempt 1 at 7:37:08 PM
61 info attempt registry request try #1 at 7:37:08 PM
62 http fetch GET https://registry.npmjs.org/bower/-/bower-1.8.0.tgz
63 http fetch 200 https://registry.npmjs.org/bower/-/bower-1.8.0.tgz
64 silly fetchAndShaCheck shasum 55dbebef0ad9155382d9e9d3e497c1372345b44a
65 verbose addTmpTarball /var/folders/jm/kr40jvrd05115b1cqm9g8r9h0000gp/T/npm-7534-a2f3ce46/registry.npmjs.org/bower/-/bower-1.8.0.tgz not in flight; adding
66 verbose addTmpTarball already have metadata; skipping unpack for bower@1.8.0
67 verbose correctMkdir /Users/nickhome/.npm correctMkdir not in flight; initializing
68 silly cache afterAdd bower@1.8.0
69 verbose afterAdd /Users/nickhome/.npm/bower/1.8.0/package/package.json not in flight; writing
70 verbose correctMkdir /Users/nickhome/.npm correctMkdir not in flight; initializing
71 verbose afterAdd /Users/nickhome/.npm/bower/1.8.0/package/package.json written
72 silly loadAllDepsIntoIdealTree Finishing
73 silly loadIdealTree Finishing
74 silly currentTree lib
74 silly currentTree └── bower@1.7.9
75 silly idealTree lib
75 silly idealTree └── bower@1.8.0
76 silly generateActionsToTake Starting
77 silly install generateActionsToTake
78 warn checkPermissions Missing write access to /usr/local/lib/node_modules/bower
79 warn checkPermissions Missing write access to /usr/local/lib/node_modules
80 silly rollbackFailedOptional Starting
81 silly rollbackFailedOptional Finishing
82 silly runTopLevelLifecycles Finishing
83 silly install printInstalled
84 verbose stack Error: EACCES: permission denied, access '/usr/local/lib/node_modules/bower'
84 verbose stack     at Error (native)
85 verbose cwd /Users/nickhome/projects/nickpalenchar
86 error Darwin 15.6.0
87 error argv "/usr/local/bin/node" "/usr/local/bin/npm" "i" "-g" "bower"
88 error node v6.9.5
89 error npm  v3.10.10
90 error path /usr/local/lib/node_modules/bower
91 error code EACCES
92 error errno -13
93 error syscall access
94 error Error: EACCES: permission denied, access '/usr/local/lib/node_modules/bower'
94 error     at Error (native)
94 error  { Error: EACCES: permission denied, access '/usr/local/lib/node_modules/bower'
94 error     at Error (native)
94 error   errno: -13,
94 error   code: 'EACCES',
94 error   syscall: 'access',
94 error   path: '/usr/local/lib/node_modules/bower' }
95 error Please try running this command again as root/Administrator.
96 verbose exit [ -13, true ]
